<?xml version="1.0" encoding="UTF-8"?>
<testng-results ignored="0" total="4" passed="4" failed="0" skipped="0">
  <reporter-output>
  </reporter-output>
  <suite started-at="2025-06-08T18:07:20 IST" name="Suite" finished-at="2025-06-08T18:07:24 IST" duration-ms="3714">
    <groups>
    </groups>
    <test started-at="2025-06-08T18:07:20 IST" name="Test" finished-at="2025-06-08T18:07:24 IST" duration-ms="3714">
      <class name="tests.UserTests">
        <test-method is-config="true" signature="setup()[pri:0, instance:tests.UserTests@3f1c5af9]" started-at="2025-06-08T18:07:20 IST" name="setup" finished-at="2025-06-08T18:07:21 IST" duration-ms="339" status="PASS">
          <reporter-output>
          </reporter-output>
        </test-method> <!-- setup -->
        <test-method is-config="true" signature="beforeEachTest(java.lang.reflect.Method)[pri:0, instance:tests.UserTests@3f1c5af9]" started-at="2025-06-08T18:07:21 IST" name="beforeEachTest" finished-at="2025-06-08T18:07:21 IST" duration-ms="1" status="PASS">
          <params>
            <param index="0">
              <value>
                <![CDATA[public void tests.UserTests.getUSer()]]>
              </value>
            </param>
          </params>
          <reporter-output>
          </reporter-output>
        </test-method> <!-- beforeEachTest -->
        <test-method signature="getUSer()[pri:0, instance:tests.UserTests@3f1c5af9]" started-at="2025-06-08T18:07:21 IST" name="getUSer" finished-at="2025-06-08T18:07:22 IST" duration-ms="945" status="PASS">
          <reporter-output>
          </reporter-output>
        </test-method> <!-- getUSer -->
        <test-method is-config="true" signature="beforeEachTest(java.lang.reflect.Method)[pri:0, instance:tests.UserTests@3f1c5af9]" started-at="2025-06-08T18:07:22 IST" name="beforeEachTest" finished-at="2025-06-08T18:07:22 IST" duration-ms="1" status="PASS">
          <params>
            <param index="0">
              <value>
                <![CDATA[public void tests.UserTests.testCreateUser()]]>
              </value>
            </param>
          </params>
          <reporter-output>
          </reporter-output>
        </test-method> <!-- beforeEachTest -->
        <test-method signature="testCreateUser()[pri:0, instance:tests.UserTests@3f1c5af9]" started-at="2025-06-08T18:07:22 IST" name="testCreateUser" finished-at="2025-06-08T18:07:23 IST" duration-ms="1093" status="PASS">
          <reporter-output>
          </reporter-output>
        </test-method> <!-- testCreateUser -->
        <test-method signature="testRegisterUser()[pri:0, instance:tests.UserTests@3f1c5af9]" started-at="2025-06-08T18:07:23 IST" name="testRegisterUser" finished-at="2025-06-08T18:07:23 IST" duration-ms="452" status="PASS">
          <reporter-output>
          </reporter-output>
        </test-method> <!-- testRegisterUser -->
        <test-method is-config="true" signature="beforeEachTest(java.lang.reflect.Method)[pri:0, instance:tests.UserTests@3f1c5af9]" started-at="2025-06-08T18:07:23 IST" name="beforeEachTest" finished-at="2025-06-08T18:07:23 IST" duration-ms="0" status="PASS">
          <params>
            <param index="0">
              <value>
                <![CDATA[public void tests.UserTests.testRegisterUser()]]>
              </value>
            </param>
          </params>
          <reporter-output>
          </reporter-output>
        </test-method> <!-- beforeEachTest -->
        <test-method signature="testRegisterUser(java.lang.String,java.lang.String)[pri:0, instance:tests.UserTests@3f1c5af9]" started-at="2025-06-08T18:07:24 IST" name="testRegisterUser" data-provider="userData" finished-at="2025-06-08T18:07:24 IST" duration-ms="404" status="PASS">
          <params>
            <param index="0">
              <value>
                <![CDATA[eve.holt@reqres.in]]>
              </value>
            </param>
            <param index="1">
              <value>
                <![CDATA[pistol]]>
              </value>
            </param>
          </params>
          <reporter-output>
          </reporter-output>
        </test-method> <!-- testRegisterUser -->
        <test-method is-config="true" signature="beforeEachTest(java.lang.reflect.Method)[pri:0, instance:tests.UserTests@3f1c5af9]" started-at="2025-06-08T18:07:24 IST" name="beforeEachTest" finished-at="2025-06-08T18:07:24 IST" duration-ms="0" status="PASS">
          <params>
            <param index="0">
              <value>
                <![CDATA[public void tests.UserTests.testRegisterUser(java.lang.String,java.lang.String)]]>
              </value>
            </param>
          </params>
          <reporter-output>
          </reporter-output>
        </test-method> <!-- beforeEachTest -->
      </class> <!-- tests.UserTests -->
    </test> <!-- Test -->
  </suite> <!-- Suite -->
</testng-results>
